#-----------------------------------------------------------
# Vivado v2019.2 (64-bit)
# SW Build 2708876 on Wed Nov  6 21:40:23 MST 2019
# IP Build 2700528 on Thu Nov  7 00:09:20 MST 2019
# Start of session at: Mon Jan  6 09:22:56 2020
# Process ID: 18952
# Current directory: C:/Users/denie/Documents/Tencent Files/308704199/FileRecv/Bor
# Command line: vivado.exe -gui_launcher_event rodinguilauncherevent10516 C:\Users\denie\Documents\Tencent Files\308704199\FileRecv\Bor\Bor.xpr
# Log file: C:/Users/denie/Documents/Tencent Files/308704199/FileRecv/Bor/vivado.log
# Journal file: C:/Users/denie/Documents/Tencent Files/308704199/FileRecv/Bor\vivado.jou
#-----------------------------------------------------------
start_gui
open_project {C:/Users/denie/Documents/Tencent Files/308704199/FileRecv/Bor/Bor.xpr}
INFO: [Project 1-313] Project file moved from 'C:/Users/Administrator/Desktop/Bor/Bor' since last save.
Scanning sources...
Finished scanning sources
INFO: [IP_Flow 19-234] Refreshing IP repositories
INFO: [IP_Flow 19-1704] No user IP repositories specified
INFO: [IP_Flow 19-2313] Loaded Vivado IP repository 'C:/Xilinx/Vivado/2019.2/data/ip'.
WARNING: [IP_Flow 19-2162] IP 'Image' is locked:
* IP definition 'Block Memory Generator (8.4)' for IP 'Image' (customized with software release 2018.3) has a different revision in the IP Catalog.
INFO: [Project 1-230] Project 'Bor.xpr' upgraded for this version of Vivado.
open_project: Time (s): cpu = 00:00:28 ; elapsed = 00:00:18 . Memory (MB): peak = 907.195 ; gain = 257.488
update_compile_order -fileset sources_1
upgrade_ip -srcset Image -vlnv xilinx.com:ip:blk_mem_gen:8.4 [get_ips  Image] -log ip_upgrade.log
Upgrading 'Image'
INFO: [Project 1-386] Moving file 'C:/Users/denie/Documents/Tencent Files/308704199/FileRecv/Bor/Bor.srcs/sources_1/ip/Image/Image.xci' from fileset 'Image' to fileset 'sources_1'.
INFO: [IP_Flow 19-3422] Upgraded Image (Block Memory Generator 8.4) from revision 2 to revision 4
INFO: [IP_Flow 19-1686] Generating 'Instantiation Template' target for IP 'Image'...
INFO: [Coretcl 2-1525] Wrote upgrade log to 'C:/Users/denie/Documents/Tencent Files/308704199/FileRecv/Bor/ip_upgrade.log'.
export_ip_user_files -of_objects [get_ips Image] -no_script -sync -force -quiet
update_compile_order -fileset sources_1
WARNING: [IP_Flow 19-4067] Ignoring invalid widget type specified checkbox.Providing a default widget
WARNING: [IP_Flow 19-4067] Ignoring invalid widget type specified checkbox.Providing a default widget
close [ open {C:/Users/denie/Documents/Tencent Files/308704199/FileRecv/Bor/Bor.srcs/sources_1/new/Logic.v} w ]
add_files {{C:/Users/denie/Documents/Tencent Files/308704199/FileRecv/Bor/Bor.srcs/sources_1/new/Logic.v}}
update_compile_order -fileset sources_1
file mkdir C:/Users/denie/Documents/Tencent Files/308704199/FileRecv/Bor/Bor.srcs/constrs_1
file mkdir C:/Users/denie/Documents/Tencent Files/308704199/FileRecv/Bor/Bor.srcs/constrs_1
file mkdir C:/Users/denie/Documents/Tencent Files/308704199/FileRecv/Bor/Bor.srcs/constrs_1/new
file mkdir C:/Users/denie/Documents/Tencent Files/308704199/FileRecv/Bor/Bor.srcs/constrs_1/new
file mkdir C:/Users/denie/Documents/Tencent Files/308704199/FileRecv/Bor/Bor.srcs/constrs_1/new
file mkdir C:/Users/denie/Documents/Tencent Files/308704199/FileRecv/Bor/Bor.srcs/constrs_1/new
file mkdir C:/Users/denie/Documents/Tencent Files/308704199/FileRecv/Bor/Bor.srcs/constrs_1
file mkdir {C:/Users/denie/Documents/Tencent Files/308704199/FileRecv/Bor/Bor.srcs/constrs_1/new}
close [ open {C:/Users/denie/Documents/Tencent Files/308704199/FileRecv/Bor/Bor.srcs/constrs_1/new/constraints.xdc} w ]
add_files -fileset constrs_1 {{C:/Users/denie/Documents/Tencent Files/308704199/FileRecv/Bor/Bor.srcs/constrs_1/new/constraints.xdc}}
close [ open {C:/Users/denie/Documents/Tencent Files/308704199/FileRecv/Bor/Bor.srcs/sources_1/new/Fading.v} w ]
add_files {{C:/Users/denie/Documents/Tencent Files/308704199/FileRecv/Bor/Bor.srcs/sources_1/new/Fading.v}}
update_compile_order -fileset sources_1
update_compile_order -fileset sources_1
update_compile_order -fileset sources_1
update_compile_order -fileset sources_1
close [ open {C:/Users/denie/Documents/Tencent Files/308704199/FileRecv/Bor/Bor.srcs/sources_1/new/TrackLogic.v} w ]
add_files {{C:/Users/denie/Documents/Tencent Files/308704199/FileRecv/Bor/Bor.srcs/sources_1/new/TrackLogic.v}}
update_compile_order -fileset sources_1
update_compile_order -fileset sources_1
update_compile_order -fileset sources_1
update_compile_order -fileset sources_1
update_compile_order -fileset sources_1
update_compile_order -fileset sources_1
close [ open {C:/Users/denie/Documents/Tencent Files/308704199/FileRecv/Bor/Bor.srcs/sources_1/new/map.v} w ]
add_files {{C:/Users/denie/Documents/Tencent Files/308704199/FileRecv/Bor/Bor.srcs/sources_1/new/map.v}}
update_compile_order -fileset sources_1
WARNING: [filemgmt 56-199] Attempt to get parsing info during refresh. "On-the-fly" syntax checking information may be incorrect. [C:\Users\denie\Documents\Tencent Files\308704199\FileRecv\Bor\Bor.srcs\sources_1\new\map.v:]
WARNING: [filemgmt 56-199] Attempt to get parsing info during refresh. "On-the-fly" syntax checking information may be incorrect. [C:\Users\denie\Documents\Tencent Files\308704199\FileRecv\Bor\Bor.srcs\sources_1\new\clkdiv.v:]
WARNING: [filemgmt 56-199] Attempt to get parsing info during refresh. "On-the-fly" syntax checking information may be incorrect. [C:\Users\denie\Documents\Tencent Files\308704199\FileRecv\Bor\Bor.srcs\sources_1\new\DispBCD.v:]
WARNING: [filemgmt 56-199] Attempt to get parsing info during refresh. "On-the-fly" syntax checking information may be incorrect. [C:\Users\denie\Documents\Tencent Files\308704199\FileRecv\Bor\Bor.srcs\sources_1\new\TrackObject.v:]
WARNING: [filemgmt 56-199] Attempt to get parsing info during refresh. "On-the-fly" syntax checking information may be incorrect. [C:\Users\denie\Documents\Tencent Files\308704199\FileRecv\Bor\Bor.srcs\sources_1\new\Top.v:]
WARNING: [filemgmt 56-199] Attempt to get parsing info during refresh. "On-the-fly" syntax checking information may be incorrect. [C:\Users\denie\Documents\Tencent Files\308704199\FileRecv\Bor\Bor.srcs\sources_1\new\VGA.v:]
WARNING: [filemgmt 56-199] Attempt to get parsing info during refresh. "On-the-fly" syntax checking information may be incorrect. [C:\Users\denie\Documents\Tencent Files\308704199\FileRecv\Bor\Bor.srcs\sources_1\new\Logic.v:]
WARNING: [filemgmt 56-199] Attempt to get parsing info during refresh. "On-the-fly" syntax checking information may be incorrect. [C:\Users\denie\Documents\Tencent Files\308704199\FileRecv\Bor\Bor.srcs\sources_1\new\Fading.v:]
WARNING: [filemgmt 56-199] Attempt to get parsing info during refresh. "On-the-fly" syntax checking information may be incorrect. [C:\Users\denie\Documents\Tencent Files\308704199\FileRecv\Bor\Bor.srcs\sources_1\new\Output.v:]
WARNING: [filemgmt 56-199] Attempt to get parsing info during refresh. "On-the-fly" syntax checking information may be incorrect. [C:\Users\denie\Documents\Tencent Files\308704199\FileRecv\Bor\Bor.srcs\sources_1\new\Input.v:]
WARNING: [filemgmt 56-199] Attempt to get parsing info during refresh. "On-the-fly" syntax checking information may be incorrect. [C:\Users\denie\Documents\Tencent Files\308704199\FileRecv\Bor\Bor.srcs\sources_1\new\TrackLogic.v:]
WARNING: [filemgmt 56-199] Attempt to get parsing info during refresh. "On-the-fly" syntax checking information may be incorrect. [C:\Users\denie\Documents\Tencent Files\308704199\FileRecv\Bor\Bor.srcs\sources_1\new\map.v:]
WARNING: [filemgmt 56-199] Attempt to get parsing info during refresh. "On-the-fly" syntax checking information may be incorrect. [C:\Users\denie\Documents\Tencent Files\308704199\FileRecv\Bor\Bor.srcs\sources_1\new\clkdiv.v:]
WARNING: [filemgmt 56-199] Attempt to get parsing info during refresh. "On-the-fly" syntax checking information may be incorrect. [C:\Users\denie\Documents\Tencent Files\308704199\FileRecv\Bor\Bor.srcs\sources_1\new\DispBCD.v:]
WARNING: [filemgmt 56-199] Attempt to get parsing info during refresh. "On-the-fly" syntax checking information may be incorrect. [C:\Users\denie\Documents\Tencent Files\308704199\FileRecv\Bor\Bor.srcs\sources_1\new\TrackObject.v:]
WARNING: [filemgmt 56-199] Attempt to get parsing info during refresh. "On-the-fly" syntax checking information may be incorrect. [C:\Users\denie\Documents\Tencent Files\308704199\FileRecv\Bor\Bor.srcs\sources_1\new\Top.v:]
WARNING: [filemgmt 56-199] Attempt to get parsing info during refresh. "On-the-fly" syntax checking information may be incorrect. [C:\Users\denie\Documents\Tencent Files\308704199\FileRecv\Bor\Bor.srcs\sources_1\new\VGA.v:]
WARNING: [filemgmt 56-199] Attempt to get parsing info during refresh. "On-the-fly" syntax checking information may be incorrect. [C:\Users\denie\Documents\Tencent Files\308704199\FileRecv\Bor\Bor.srcs\sources_1\new\Logic.v:]
WARNING: [filemgmt 56-199] Attempt to get parsing info during refresh. "On-the-fly" syntax checking information may be incorrect. [C:\Users\denie\Documents\Tencent Files\308704199\FileRecv\Bor\Bor.srcs\sources_1\new\Fading.v:]
WARNING: [filemgmt 56-199] Attempt to get parsing info during refresh. "On-the-fly" syntax checking information may be incorrect. [C:\Users\denie\Documents\Tencent Files\308704199\FileRecv\Bor\Bor.srcs\sources_1\new\Output.v:]
WARNING: [filemgmt 56-199] Attempt to get parsing info during refresh. "On-the-fly" syntax checking information may be incorrect. [C:\Users\denie\Documents\Tencent Files\308704199\FileRecv\Bor\Bor.srcs\sources_1\new\Input.v:]
WARNING: [filemgmt 56-199] Attempt to get parsing info during refresh. "On-the-fly" syntax checking information may be incorrect. [C:\Users\denie\Documents\Tencent Files\308704199\FileRecv\Bor\Bor.srcs\sources_1\new\TrackLogic.v:]
WARNING: [filemgmt 56-199] Attempt to get parsing info during refresh. "On-the-fly" syntax checking information may be incorrect. [C:\Users\denie\Documents\Tencent Files\308704199\FileRecv\Bor\Bor.srcs\sources_1\new\map.v:]
WARNING: [filemgmt 56-199] Attempt to get parsing info during refresh. "On-the-fly" syntax checking information may be incorrect. [C:\Users\denie\Documents\Tencent Files\308704199\FileRecv\Bor\Bor.srcs\sources_1\new\clkdiv.v:]
WARNING: [filemgmt 56-199] Attempt to get parsing info during refresh. "On-the-fly" syntax checking information may be incorrect. [C:\Users\denie\Documents\Tencent Files\308704199\FileRecv\Bor\Bor.srcs\sources_1\new\DispBCD.v:]
WARNING: [filemgmt 56-199] Attempt to get parsing info during refresh. "On-the-fly" syntax checking information may be incorrect. [C:\Users\denie\Documents\Tencent Files\308704199\FileRecv\Bor\Bor.srcs\sources_1\new\TrackObject.v:]
WARNING: [filemgmt 56-199] Attempt to get parsing info during refresh. "On-the-fly" syntax checking information may be incorrect. [C:\Users\denie\Documents\Tencent Files\308704199\FileRecv\Bor\Bor.srcs\sources_1\new\Top.v:]
WARNING: [filemgmt 56-199] Attempt to get parsing info during refresh. "On-the-fly" syntax checking information may be incorrect. [C:\Users\denie\Documents\Tencent Files\308704199\FileRecv\Bor\Bor.srcs\sources_1\new\VGA.v:]
WARNING: [filemgmt 56-199] Attempt to get parsing info during refresh. "On-the-fly" syntax checking information may be incorrect. [C:\Users\denie\Documents\Tencent Files\308704199\FileRecv\Bor\Bor.srcs\sources_1\new\Logic.v:]
WARNING: [filemgmt 56-199] Attempt to get parsing info during refresh. "On-the-fly" syntax checking information may be incorrect. [C:\Users\denie\Documents\Tencent Files\308704199\FileRecv\Bor\Bor.srcs\sources_1\new\Fading.v:]
WARNING: [filemgmt 56-199] Attempt to get parsing info during refresh. "On-the-fly" syntax checking information may be incorrect. [C:\Users\denie\Documents\Tencent Files\308704199\FileRecv\Bor\Bor.srcs\sources_1\new\Output.v:]
WARNING: [filemgmt 56-199] Attempt to get parsing info during refresh. "On-the-fly" syntax checking information may be incorrect. [C:\Users\denie\Documents\Tencent Files\308704199\FileRecv\Bor\Bor.srcs\sources_1\new\Input.v:]
WARNING: [filemgmt 56-199] Attempt to get parsing info during refresh. "On-the-fly" syntax checking information may be incorrect. [C:\Users\denie\Documents\Tencent Files\308704199\FileRecv\Bor\Bor.srcs\sources_1\new\TrackLogic.v:]
WARNING: [filemgmt 56-199] Attempt to get parsing info during refresh. "On-the-fly" syntax checking information may be incorrect. [C:\Users\denie\Documents\Tencent Files\308704199\FileRecv\Bor\Bor.srcs\sources_1\new\map.v:]
WARNING: [filemgmt 56-199] Attempt to get parsing info during refresh. "On-the-fly" syntax checking information may be incorrect. [C:\Users\denie\Documents\Tencent Files\308704199\FileRecv\Bor\Bor.srcs\sources_1\new\clkdiv.v:]
WARNING: [filemgmt 56-199] Attempt to get parsing info during refresh. "On-the-fly" syntax checking information may be incorrect. [C:\Users\denie\Documents\Tencent Files\308704199\FileRecv\Bor\Bor.srcs\sources_1\new\DispBCD.v:]
WARNING: [filemgmt 56-199] Attempt to get parsing info during refresh. "On-the-fly" syntax checking information may be incorrect. [C:\Users\denie\Documents\Tencent Files\308704199\FileRecv\Bor\Bor.srcs\sources_1\new\TrackObject.v:]
WARNING: [filemgmt 56-199] Attempt to get parsing info during refresh. "On-the-fly" syntax checking information may be incorrect. [C:\Users\denie\Documents\Tencent Files\308704199\FileRecv\Bor\Bor.srcs\sources_1\new\Top.v:]
WARNING: [filemgmt 56-199] Attempt to get parsing info during refresh. "On-the-fly" syntax checking information may be incorrect. [C:\Users\denie\Documents\Tencent Files\308704199\FileRecv\Bor\Bor.srcs\sources_1\new\VGA.v:]
WARNING: [filemgmt 56-199] Attempt to get parsing info during refresh. "On-the-fly" syntax checking information may be incorrect. [C:\Users\denie\Documents\Tencent Files\308704199\FileRecv\Bor\Bor.srcs\sources_1\new\Logic.v:]
WARNING: [filemgmt 56-199] Attempt to get parsing info during refresh. "On-the-fly" syntax checking information may be incorrect. [C:\Users\denie\Documents\Tencent Files\308704199\FileRecv\Bor\Bor.srcs\sources_1\new\Fading.v:]
WARNING: [filemgmt 56-199] Attempt to get parsing info during refresh. "On-the-fly" syntax checking information may be incorrect. [C:\Users\denie\Documents\Tencent Files\308704199\FileRecv\Bor\Bor.srcs\sources_1\new\Output.v:]
WARNING: [filemgmt 56-199] Attempt to get parsing info during refresh. "On-the-fly" syntax checking information may be incorrect. [C:\Users\denie\Documents\Tencent Files\308704199\FileRecv\Bor\Bor.srcs\sources_1\new\Input.v:]
WARNING: [filemgmt 56-199] Attempt to get parsing info during refresh. "On-the-fly" syntax checking information may be incorrect. [C:\Users\denie\Documents\Tencent Files\308704199\FileRecv\Bor\Bor.srcs\sources_1\new\TrackLogic.v:]
WARNING: [filemgmt 56-199] Attempt to get parsing info during refresh. "On-the-fly" syntax checking information may be incorrect. [C:\Users\denie\Documents\Tencent Files\308704199\FileRecv\Bor\Bor.srcs\sources_1\new\map.v:]
WARNING: [filemgmt 56-199] Attempt to get parsing info during refresh. "On-the-fly" syntax checking information may be incorrect. [C:\Users\denie\Documents\Tencent Files\308704199\FileRecv\Bor\Bor.srcs\sources_1\new\clkdiv.v:]
WARNING: [filemgmt 56-199] Attempt to get parsing info during refresh. "On-the-fly" syntax checking information may be incorrect. [C:\Users\denie\Documents\Tencent Files\308704199\FileRecv\Bor\Bor.srcs\sources_1\new\DispBCD.v:]
WARNING: [filemgmt 56-199] Attempt to get parsing info during refresh. "On-the-fly" syntax checking information may be incorrect. [C:\Users\denie\Documents\Tencent Files\308704199\FileRecv\Bor\Bor.srcs\sources_1\new\TrackObject.v:]
WARNING: [filemgmt 56-199] Attempt to get parsing info during refresh. "On-the-fly" syntax checking information may be incorrect. [C:\Users\denie\Documents\Tencent Files\308704199\FileRecv\Bor\Bor.srcs\sources_1\new\Top.v:]
WARNING: [filemgmt 56-199] Attempt to get parsing info during refresh. "On-the-fly" syntax checking information may be incorrect. [C:\Users\denie\Documents\Tencent Files\308704199\FileRecv\Bor\Bor.srcs\sources_1\new\VGA.v:]
WARNING: [filemgmt 56-199] Attempt to get parsing info during refresh. "On-the-fly" syntax checking information may be incorrect. [C:\Users\denie\Documents\Tencent Files\308704199\FileRecv\Bor\Bor.srcs\sources_1\new\Logic.v:]
WARNING: [filemgmt 56-199] Attempt to get parsing info during refresh. "On-the-fly" syntax checking information may be incorrect. [C:\Users\denie\Documents\Tencent Files\308704199\FileRecv\Bor\Bor.srcs\sources_1\new\Fading.v:]
WARNING: [filemgmt 56-199] Attempt to get parsing info during refresh. "On-the-fly" syntax checking information may be incorrect. [C:\Users\denie\Documents\Tencent Files\308704199\FileRecv\Bor\Bor.srcs\sources_1\new\Output.v:]
WARNING: [filemgmt 56-199] Attempt to get parsing info during refresh. "On-the-fly" syntax checking information may be incorrect. [C:\Users\denie\Documents\Tencent Files\308704199\FileRecv\Bor\Bor.srcs\sources_1\new\Input.v:]
WARNING: [filemgmt 56-199] Attempt to get parsing info during refresh. "On-the-fly" syntax checking information may be incorrect. [C:\Users\denie\Documents\Tencent Files\308704199\FileRecv\Bor\Bor.srcs\sources_1\new\TrackLogic.v:]
WARNING: [filemgmt 56-199] Attempt to get parsing info during refresh. "On-the-fly" syntax checking information may be incorrect. [C:\Users\denie\Documents\Tencent Files\308704199\FileRecv\Bor\Bor.srcs\sources_1\new\map.v:]
WARNING: [filemgmt 56-199] Attempt to get parsing info during refresh. "On-the-fly" syntax checking information may be incorrect. [C:\Users\denie\Documents\Tencent Files\308704199\FileRecv\Bor\Bor.srcs\sources_1\new\clkdiv.v:]
WARNING: [filemgmt 56-199] Attempt to get parsing info during refresh. "On-the-fly" syntax checking information may be incorrect. [C:\Users\denie\Documents\Tencent Files\308704199\FileRecv\Bor\Bor.srcs\sources_1\new\DispBCD.v:]
WARNING: [filemgmt 56-199] Attempt to get parsing info during refresh. "On-the-fly" syntax checking information may be incorrect. [C:\Users\denie\Documents\Tencent Files\308704199\FileRecv\Bor\Bor.srcs\sources_1\new\TrackObject.v:]
WARNING: [filemgmt 56-199] Attempt to get parsing info during refresh. "On-the-fly" syntax checking information may be incorrect. [C:\Users\denie\Documents\Tencent Files\308704199\FileRecv\Bor\Bor.srcs\sources_1\new\Top.v:]
WARNING: [filemgmt 56-199] Attempt to get parsing info during refresh. "On-the-fly" syntax checking information may be incorrect. [C:\Users\denie\Documents\Tencent Files\308704199\FileRecv\Bor\Bor.srcs\sources_1\new\VGA.v:]
WARNING: [filemgmt 56-199] Attempt to get parsing info during refresh. "On-the-fly" syntax checking information may be incorrect. [C:\Users\denie\Documents\Tencent Files\308704199\FileRecv\Bor\Bor.srcs\sources_1\new\Logic.v:]
WARNING: [filemgmt 56-199] Attempt to get parsing info during refresh. "On-the-fly" syntax checking information may be incorrect. [C:\Users\denie\Documents\Tencent Files\308704199\FileRecv\Bor\Bor.srcs\sources_1\new\Fading.v:]
WARNING: [filemgmt 56-199] Attempt to get parsing info during refresh. "On-the-fly" syntax checking information may be incorrect. [C:\Users\denie\Documents\Tencent Files\308704199\FileRecv\Bor\Bor.srcs\sources_1\new\Output.v:]
WARNING: [filemgmt 56-199] Attempt to get parsing info during refresh. "On-the-fly" syntax checking information may be incorrect. [C:\Users\denie\Documents\Tencent Files\308704199\FileRecv\Bor\Bor.srcs\sources_1\new\Input.v:]
WARNING: [filemgmt 56-199] Attempt to get parsing info during refresh. "On-the-fly" syntax checking information may be incorrect. [C:\Users\denie\Documents\Tencent Files\308704199\FileRecv\Bor\Bor.srcs\sources_1\new\TrackLogic.v:]
WARNING: [filemgmt 56-199] Attempt to get parsing info during refresh. "On-the-fly" syntax checking information may be incorrect. [C:\Users\denie\Documents\Tencent Files\308704199\FileRecv\Bor\Bor.srcs\sources_1\new\map.v:]
WARNING: [filemgmt 56-199] Attempt to get parsing info during refresh. "On-the-fly" syntax checking information may be incorrect. [C:\Users\denie\Documents\Tencent Files\308704199\FileRecv\Bor\Bor.srcs\sources_1\new\clkdiv.v:]
WARNING: [filemgmt 56-199] Attempt to get parsing info during refresh. "On-the-fly" syntax checking information may be incorrect. [C:\Users\denie\Documents\Tencent Files\308704199\FileRecv\Bor\Bor.srcs\sources_1\new\DispBCD.v:]
WARNING: [filemgmt 56-199] Attempt to get parsing info during refresh. "On-the-fly" syntax checking information may be incorrect. [C:\Users\denie\Documents\Tencent Files\308704199\FileRecv\Bor\Bor.srcs\sources_1\new\TrackObject.v:]
WARNING: [filemgmt 56-199] Attempt to get parsing info during refresh. "On-the-fly" syntax checking information may be incorrect. [C:\Users\denie\Documents\Tencent Files\308704199\FileRecv\Bor\Bor.srcs\sources_1\new\Top.v:]
WARNING: [filemgmt 56-199] Attempt to get parsing info during refresh. "On-the-fly" syntax checking information may be incorrect. [C:\Users\denie\Documents\Tencent Files\308704199\FileRecv\Bor\Bor.srcs\sources_1\new\VGA.v:]
WARNING: [filemgmt 56-199] Attempt to get parsing info during refresh. "On-the-fly" syntax checking information may be incorrect. [C:\Users\denie\Documents\Tencent Files\308704199\FileRecv\Bor\Bor.srcs\sources_1\new\Logic.v:]
WARNING: [filemgmt 56-199] Attempt to get parsing info during refresh. "On-the-fly" syntax checking information may be incorrect. [C:\Users\denie\Documents\Tencent Files\308704199\FileRecv\Bor\Bor.srcs\sources_1\new\Fading.v:]
WARNING: [filemgmt 56-199] Attempt to get parsing info during refresh. "On-the-fly" syntax checking information may be incorrect. [C:\Users\denie\Documents\Tencent Files\308704199\FileRecv\Bor\Bor.srcs\sources_1\new\Output.v:]
WARNING: [filemgmt 56-199] Attempt to get parsing info during refresh. "On-the-fly" syntax checking information may be incorrect. [C:\Users\denie\Documents\Tencent Files\308704199\FileRecv\Bor\Bor.srcs\sources_1\new\Input.v:]
WARNING: [filemgmt 56-199] Attempt to get parsing info during refresh. "On-the-fly" syntax checking information may be incorrect. [C:\Users\denie\Documents\Tencent Files\308704199\FileRecv\Bor\Bor.srcs\sources_1\new\TrackLogic.v:]
ERROR: [Common 17-180] Spawn failed: No error
WARNING: [filemgmt 56-199] Attempt to get parsing info during refresh. "On-the-fly" syntax checking information may be incorrect. [C:\Users\denie\Documents\Tencent Files\308704199\FileRecv\Bor\Bor.srcs\sources_1\new\map.v:]
WARNING: [filemgmt 56-199] Attempt to get parsing info during refresh. "On-the-fly" syntax checking information may be incorrect. [C:\Users\denie\Documents\Tencent Files\308704199\FileRecv\Bor\Bor.srcs\sources_1\new\clkdiv.v:]
WARNING: [filemgmt 56-199] Attempt to get parsing info during refresh. "On-the-fly" syntax checking information may be incorrect. [C:\Users\denie\Documents\Tencent Files\308704199\FileRecv\Bor\Bor.srcs\sources_1\new\DispBCD.v:]
WARNING: [filemgmt 56-199] Attempt to get parsing info during refresh. "On-the-fly" syntax checking information may be incorrect. [C:\Users\denie\Documents\Tencent Files\308704199\FileRecv\Bor\Bor.srcs\sources_1\new\TrackObject.v:]
WARNING: [filemgmt 56-199] Attempt to get parsing info during refresh. "On-the-fly" syntax checking information may be incorrect. [C:\Users\denie\Documents\Tencent Files\308704199\FileRecv\Bor\Bor.srcs\sources_1\new\Top.v:]
WARNING: [filemgmt 56-199] Attempt to get parsing info during refresh. "On-the-fly" syntax checking information may be incorrect. [C:\Users\denie\Documents\Tencent Files\308704199\FileRecv\Bor\Bor.srcs\sources_1\new\VGA.v:]
WARNING: [filemgmt 56-199] Attempt to get parsing info during refresh. "On-the-fly" syntax checking information may be incorrect. [C:\Users\denie\Documents\Tencent Files\308704199\FileRecv\Bor\Bor.srcs\sources_1\new\Logic.v:]
WARNING: [filemgmt 56-199] Attempt to get parsing info during refresh. "On-the-fly" syntax checking information may be incorrect. [C:\Users\denie\Documents\Tencent Files\308704199\FileRecv\Bor\Bor.srcs\sources_1\new\Fading.v:]
WARNING: [filemgmt 56-199] Attempt to get parsing info during refresh. "On-the-fly" syntax checking information may be incorrect. [C:\Users\denie\Documents\Tencent Files\308704199\FileRecv\Bor\Bor.srcs\sources_1\new\Output.v:]
WARNING: [filemgmt 56-199] Attempt to get parsing info during refresh. "On-the-fly" syntax checking information may be incorrect. [C:\Users\denie\Documents\Tencent Files\308704199\FileRecv\Bor\Bor.srcs\sources_1\new\Input.v:]
WARNING: [filemgmt 56-199] Attempt to get parsing info during refresh. "On-the-fly" syntax checking information may be incorrect. [C:\Users\denie\Documents\Tencent Files\308704199\FileRecv\Bor\Bor.srcs\sources_1\new\TrackLogic.v:]
ERROR: [Common 17-180] Spawn failed: No error
WARNING: [filemgmt 56-199] Attempt to get parsing info during refresh. "On-the-fly" syntax checking information may be incorrect. [C:\Users\denie\Documents\Tencent Files\308704199\FileRecv\Bor\Bor.srcs\sources_1\new\map.v:]
WARNING: [filemgmt 56-199] Attempt to get parsing info during refresh. "On-the-fly" syntax checking information may be incorrect. [C:\Users\denie\Documents\Tencent Files\308704199\FileRecv\Bor\Bor.srcs\sources_1\new\clkdiv.v:]
WARNING: [filemgmt 56-199] Attempt to get parsing info during refresh. "On-the-fly" syntax checking information may be incorrect. [C:\Users\denie\Documents\Tencent Files\308704199\FileRecv\Bor\Bor.srcs\sources_1\new\DispBCD.v:]
WARNING: [filemgmt 56-199] Attempt to get parsing info during refresh. "On-the-fly" syntax checking information may be incorrect. [C:\Users\denie\Documents\Tencent Files\308704199\FileRecv\Bor\Bor.srcs\sources_1\new\TrackObject.v:]
WARNING: [filemgmt 56-199] Attempt to get parsing info during refresh. "On-the-fly" syntax checking information may be incorrect. [C:\Users\denie\Documents\Tencent Files\308704199\FileRecv\Bor\Bor.srcs\sources_1\new\Top.v:]
WARNING: [filemgmt 56-199] Attempt to get parsing info during refresh. "On-the-fly" syntax checking information may be incorrect. [C:\Users\denie\Documents\Tencent Files\308704199\FileRecv\Bor\Bor.srcs\sources_1\new\VGA.v:]
WARNING: [filemgmt 56-199] Attempt to get parsing info during refresh. "On-the-fly" syntax checking information may be incorrect. [C:\Users\denie\Documents\Tencent Files\308704199\FileRecv\Bor\Bor.srcs\sources_1\new\Logic.v:]
WARNING: [filemgmt 56-199] Attempt to get parsing info during refresh. "On-the-fly" syntax checking information may be incorrect. [C:\Users\denie\Documents\Tencent Files\308704199\FileRecv\Bor\Bor.srcs\sources_1\new\Fading.v:]
WARNING: [filemgmt 56-199] Attempt to get parsing info during refresh. "On-the-fly" syntax checking information may be incorrect. [C:\Users\denie\Documents\Tencent Files\308704199\FileRecv\Bor\Bor.srcs\sources_1\new\Output.v:]
WARNING: [filemgmt 56-199] Attempt to get parsing info during refresh. "On-the-fly" syntax checking information may be incorrect. [C:\Users\denie\Documents\Tencent Files\308704199\FileRecv\Bor\Bor.srcs\sources_1\new\Input.v:]
WARNING: [filemgmt 56-199] Attempt to get parsing info during refresh. "On-the-fly" syntax checking information may be incorrect. [C:\Users\denie\Documents\Tencent Files\308704199\FileRecv\Bor\Bor.srcs\sources_1\new\TrackLogic.v:]
ERROR: [Common 17-180] Spawn failed: No error
WARNING: [filemgmt 56-199] Attempt to get parsing info during refresh. "On-the-fly" syntax checking information may be incorrect. [C:\Users\denie\Documents\Tencent Files\308704199\FileRecv\Bor\Bor.srcs\sources_1\new\map.v:]
INFO: [Common 17-14] Message 'filemgmt 56-199' appears 100 times and further instances of the messages will be disabled. Use the Tcl command set_msg_config to change the current settings.
ERROR: [Common 17-180] Spawn failed: No error
update_compile_order -fileset sources_1
launch_runs impl_1 -to_step write_bitstream -jobs 8
INFO: [IP_Flow 19-1686] Generating 'Synthesis' target for IP 'Image'...
[Mon Jan  6 21:15:27 2020] Launched Image_synth_1, synth_1...
Run output will be captured here:
Image_synth_1: C:/Users/denie/Documents/Tencent Files/308704199/FileRecv/Bor/Bor.runs/Image_synth_1/runme.log
synth_1: C:/Users/denie/Documents/Tencent Files/308704199/FileRecv/Bor/Bor.runs/synth_1/runme.log
[Mon Jan  6 21:15:28 2020] Launched impl_1...
Run output will be captured here: C:/Users/denie/Documents/Tencent Files/308704199/FileRecv/Bor/Bor.runs/impl_1/runme.log
launch_runs: Time (s): cpu = 00:00:03 ; elapsed = 00:00:05 . Memory (MB): peak = 1589.336 ; gain = 0.000
reset_run synth_1
launch_runs synth_1 -jobs 8
[Mon Jan  6 21:20:12 2020] Launched synth_1...
Run output will be captured here: C:/Users/denie/Documents/Tencent Files/308704199/FileRecv/Bor/Bor.runs/synth_1/runme.log
launch_runs impl_1 -jobs 8
[Mon Jan  6 21:21:20 2020] Launched impl_1...
Run output will be captured here: C:/Users/denie/Documents/Tencent Files/308704199/FileRecv/Bor/Bor.runs/impl_1/runme.log
WARNING: [IP_Flow 19-4067] Ignoring invalid widget type specified checkbox.Providing a default widget
WARNING: [IP_Flow 19-4067] Ignoring invalid widget type specified checkbox.Providing a default widget
delete_ip_run [get_files -of_objects [get_fileset Image] {{C:/Users/denie/Documents/Tencent Files/308704199/FileRecv/Bor/Bor.srcs/sources_1/ip/Image/Image.xci}}]
INFO: [Project 1-386] Moving file 'C:/Users/denie/Documents/Tencent Files/308704199/FileRecv/Bor/Bor.srcs/sources_1/ip/Image/Image.xci' from fileset 'Image' to fileset 'sources_1'.
set_property generate_synth_checkpoint false [get_files  {{C:/Users/denie/Documents/Tencent Files/308704199/FileRecv/Bor/Bor.srcs/sources_1/ip/Image/Image.xci}}]
generate_target all [get_files  {{C:/Users/denie/Documents/Tencent Files/308704199/FileRecv/Bor/Bor.srcs/sources_1/ip/Image/Image.xci}}]
INFO: [IP_Flow 19-1686] Generating 'Instantiation Template' target for IP 'Image'...
INFO: [IP_Flow 19-1686] Generating 'Synthesis' target for IP 'Image'...
INFO: [IP_Flow 19-1686] Generating 'Simulation' target for IP 'Image'...
INFO: [IP_Flow 19-1686] Generating 'Miscellaneous' target for IP 'Image'...
INFO: [IP_Flow 19-1686] Generating 'Change Log' target for IP 'Image'...
export_ip_user_files -of_objects [get_files {{C:/Users/denie/Documents/Tencent Files/308704199/FileRecv/Bor/Bor.srcs/sources_1/ip/Image/Image.xci}}] -no_script -sync -force -quiet
export_simulation -of_objects [get_files {{C:/Users/denie/Documents/Tencent Files/308704199/FileRecv/Bor/Bor.srcs/sources_1/ip/Image/Image.xci}}] -directory {C:/Users/denie/Documents/Tencent Files/308704199/FileRecv/Bor/Bor.ip_user_files/sim_scripts} -ip_user_files_dir {C:/Users/denie/Documents/Tencent Files/308704199/FileRecv/Bor/Bor.ip_user_files} -ipstatic_source_dir {C:/Users/denie/Documents/Tencent Files/308704199/FileRecv/Bor/Bor.ip_user_files/ipstatic} -lib_map_path [list {modelsim=C:/Users/denie/Documents/Tencent Files/308704199/FileRecv/Bor/Bor.cache/compile_simlib/modelsim} {questa=C:/Users/denie/Documents/Tencent Files/308704199/FileRecv/Bor/Bor.cache/compile_simlib/questa} {riviera=C:/Users/denie/Documents/Tencent Files/308704199/FileRecv/Bor/Bor.cache/compile_simlib/riviera} {activehdl=C:/Users/denie/Documents/Tencent Files/308704199/FileRecv/Bor/Bor.cache/compile_simlib/activehdl}] -use_ip_compiled_libs -force -quiet
update_compile_order -fileset sources_1
WARNING: [IP_Flow 19-4067] Ignoring invalid widget type specified checkbox.Providing a default widget
WARNING: [IP_Flow 19-4067] Ignoring invalid widget type specified checkbox.Providing a default widget
reset_run synth_1
launch_runs impl_1 -to_step write_bitstream -jobs 8
[Mon Jan  6 21:27:25 2020] Launched synth_1...
Run output will be captured here: C:/Users/denie/Documents/Tencent Files/308704199/FileRecv/Bor/Bor.runs/synth_1/runme.log
[Mon Jan  6 21:27:25 2020] Launched impl_1...
Run output will be captured here: C:/Users/denie/Documents/Tencent Files/308704199/FileRecv/Bor/Bor.runs/impl_1/runme.log
open_hw_manager
connect_hw_server -allow_non_jtag
INFO: [Labtools 27-2285] Connecting to hw_server url TCP:localhost:3121
INFO: [Labtools 27-2222] Launching hw_server...
INFO: [Labtools 27-2221] Launch Output:

****** Xilinx hw_server v2019.2
  **** Build date : Nov  6 2019 at 22:12:23
    ** Copyright 1986-2019 Xilinx, Inc. All Rights Reserved.


INFO: [Labtools 27-3415] Connecting to cs_server url TCP:localhost:3042
INFO: [Labtools 27-3417] Launching cs_server...
INFO: [Labtools 27-2221] Launch Output:


****** Xilinx cs_server v2019.2.0
  **** Build date : Nov 07 2019-13:28:22
    ** Copyright 2017-2019 Xilinx, Inc. All Rights Reserved.



connect_hw_server: Time (s): cpu = 00:00:02 ; elapsed = 00:00:16 . Memory (MB): peak = 2530.086 ; gain = 14.301
open_hw_target
INFO: [Labtoolstcl 44-466] Opening hw_target localhost:3121/xilinx_tcf/Xilinx/00000000000000
set_property PROGRAM.FILE {C:/Users/denie/Documents/Tencent Files/308704199/FileRecv/Bor/Bor.runs/impl_1/Top.bit} [get_hw_devices xc7k160t_0]
current_hw_device [get_hw_devices xc7k160t_0]
refresh_hw_device -update_hw_probes false [lindex [get_hw_devices xc7k160t_0] 0]
INFO: [Labtools 27-1434] Device xc7k160t (JTAG device index = 0) is programmed with a design that has no supported debug core(s) in it.
set_property PROBES.FILE {} [get_hw_devices xc7k160t_0]
set_property FULL_PROBES.FILE {} [get_hw_devices xc7k160t_0]
set_property PROGRAM.FILE {C:/Users/denie/Documents/Tencent Files/308704199/FileRecv/Bor/Bor.runs/impl_1/Top.bit} [get_hw_devices xc7k160t_0]
program_hw_devices [get_hw_devices xc7k160t_0]
INFO: [Labtools 27-3164] End of startup status: HIGH
program_hw_devices: Time (s): cpu = 00:00:14 ; elapsed = 00:00:14 . Memory (MB): peak = 2530.539 ; gain = 0.000
refresh_hw_device [lindex [get_hw_devices xc7k160t_0] 0]
INFO: [Labtools 27-1434] Device xc7k160t (JTAG device index = 0) is programmed with a design that has no supported debug core(s) in it.
close_hw_manager
WARNING: [IP_Flow 19-4067] Ignoring invalid widget type specified checkbox.Providing a default widget
WARNING: [IP_Flow 19-4067] Ignoring invalid widget type specified checkbox.Providing a default widget
WARNING: [IP_Flow 19-4067] Ignoring invalid widget type specified checkbox.Providing a default widget
WARNING: [IP_Flow 19-4067] Ignoring invalid widget type specified checkbox.Providing a default widget
INFO: [IP_Flow 19-3484] Absolute path of file 'c:/Users/denie/Documents/Tencent Files/308704199/FileRecv/Bor/res.coe' provided. It will be converted relative to IP Instance files '../../../../res.coe'
set_property -dict [list CONFIG.Load_Init_File {true} CONFIG.Coe_File {C:/Users/denie/Documents/Tencent Files/308704199/FileRecv/Bor/res.coe}] [get_ips Image]
INFO: [IP_Flow 19-3484] Absolute path of file 'c:/Users/denie/Documents/Tencent Files/308704199/FileRecv/Bor/res.coe' provided. It will be converted relative to IP Instance files '../../../../res.coe'
generate_target all [get_files  {{C:/Users/denie/Documents/Tencent Files/308704199/FileRecv/Bor/Bor.srcs/sources_1/ip/Image/Image.xci}}]
INFO: [IP_Flow 19-1686] Generating 'Instantiation Template' target for IP 'Image'...
INFO: [IP_Flow 19-1686] Generating 'Synthesis' target for IP 'Image'...
INFO: [IP_Flow 19-1686] Generating 'Simulation' target for IP 'Image'...
INFO: [IP_Flow 19-1686] Generating 'Miscellaneous' target for IP 'Image'...
INFO: [IP_Flow 19-1686] Generating 'Change Log' target for IP 'Image'...
generate_target: Time (s): cpu = 00:00:04 ; elapsed = 00:00:06 . Memory (MB): peak = 2984.570 ; gain = 0.000
export_ip_user_files -of_objects [get_files {{C:/Users/denie/Documents/Tencent Files/308704199/FileRecv/Bor/Bor.srcs/sources_1/ip/Image/Image.xci}}] -no_script -sync -force -quiet
export_simulation -of_objects [get_files {{C:/Users/denie/Documents/Tencent Files/308704199/FileRecv/Bor/Bor.srcs/sources_1/ip/Image/Image.xci}}] -directory {C:/Users/denie/Documents/Tencent Files/308704199/FileRecv/Bor/Bor.ip_user_files/sim_scripts} -ip_user_files_dir {C:/Users/denie/Documents/Tencent Files/308704199/FileRecv/Bor/Bor.ip_user_files} -ipstatic_source_dir {C:/Users/denie/Documents/Tencent Files/308704199/FileRecv/Bor/Bor.ip_user_files/ipstatic} -lib_map_path [list {modelsim=C:/Users/denie/Documents/Tencent Files/308704199/FileRecv/Bor/Bor.cache/compile_simlib/modelsim} {questa=C:/Users/denie/Documents/Tencent Files/308704199/FileRecv/Bor/Bor.cache/compile_simlib/questa} {riviera=C:/Users/denie/Documents/Tencent Files/308704199/FileRecv/Bor/Bor.cache/compile_simlib/riviera} {activehdl=C:/Users/denie/Documents/Tencent Files/308704199/FileRecv/Bor/Bor.cache/compile_simlib/activehdl}] -use_ip_compiled_libs -force -quiet
reset_run synth_1
launch_runs impl_1 -to_step write_bitstream -jobs 8
[Mon Jan  6 23:26:50 2020] Launched synth_1...
Run output will be captured here: C:/Users/denie/Documents/Tencent Files/308704199/FileRecv/Bor/Bor.runs/synth_1/runme.log
[Mon Jan  6 23:26:50 2020] Launched impl_1...
Run output will be captured here: C:/Users/denie/Documents/Tencent Files/308704199/FileRecv/Bor/Bor.runs/impl_1/runme.log
open_hw_manager
connect_hw_server -allow_non_jtag
INFO: [Labtools 27-2285] Connecting to hw_server url TCP:localhost:3121
INFO: [Labtools 27-2222] Launching hw_server...
INFO: [Labtools 27-2221] Launch Output:

****** Xilinx hw_server v2019.2
  **** Build date : Nov  6 2019 at 22:12:23
    ** Copyright 1986-2019 Xilinx, Inc. All Rights Reserved.


INFO: [Labtools 27-3415] Connecting to cs_server url TCP:localhost:3042
INFO: [Labtools 27-3417] Launching cs_server...
INFO: [Labtools 27-2221] Launch Output:


****** Xilinx cs_server v2019.2.0
  **** Build date : Nov 07 2019-13:28:22
    ** Copyright 2017-2019 Xilinx, Inc. All Rights Reserved.



connect_hw_server: Time (s): cpu = 00:00:01 ; elapsed = 00:00:08 . Memory (MB): peak = 2984.570 ; gain = 0.000
open_hw_target
INFO: [Labtoolstcl 44-466] Opening hw_target localhost:3121/xilinx_tcf/Xilinx/00000000000000
set_property PROGRAM.FILE {C:/Users/denie/Documents/Tencent Files/308704199/FileRecv/Bor/Bor.runs/impl_1/Top.bit} [get_hw_devices xc7k160t_0]
current_hw_device [get_hw_devices xc7k160t_0]
refresh_hw_device -update_hw_probes false [lindex [get_hw_devices xc7k160t_0] 0]
INFO: [Labtools 27-1434] Device xc7k160t (JTAG device index = 0) is programmed with a design that has no supported debug core(s) in it.
set_property PROBES.FILE {} [get_hw_devices xc7k160t_0]
set_property FULL_PROBES.FILE {} [get_hw_devices xc7k160t_0]
set_property PROGRAM.FILE {C:/Users/denie/Documents/Tencent Files/308704199/FileRecv/Bor/Bor.runs/impl_1/Top.bit} [get_hw_devices xc7k160t_0]
program_hw_devices [get_hw_devices xc7k160t_0]
INFO: [Labtools 27-3164] End of startup status: HIGH
program_hw_devices: Time (s): cpu = 00:00:14 ; elapsed = 00:00:14 . Memory (MB): peak = 2984.570 ; gain = 0.000
refresh_hw_device [lindex [get_hw_devices xc7k160t_0] 0]
INFO: [Labtools 27-1434] Device xc7k160t (JTAG device index = 0) is programmed with a design that has no supported debug core(s) in it.
reset_run synth_1
launch_runs impl_1 -to_step write_bitstream -jobs 8
[Tue Jan  7 00:10:12 2020] Launched synth_1...
Run output will be captured here: C:/Users/denie/Documents/Tencent Files/308704199/FileRecv/Bor/Bor.runs/synth_1/runme.log
[Tue Jan  7 00:10:12 2020] Launched impl_1...
Run output will be captured here: C:/Users/denie/Documents/Tencent Files/308704199/FileRecv/Bor/Bor.runs/impl_1/runme.log
launch_runs: Time (s): cpu = 00:00:01 ; elapsed = 00:00:12 . Memory (MB): peak = 2984.570 ; gain = 0.000
close_hw_manager
open_hw_manager
connect_hw_server -allow_non_jtag
INFO: [Labtools 27-2285] Connecting to hw_server url TCP:localhost:3121
INFO: [Labtools 27-2222] Launching hw_server...
INFO: [Labtools 27-2221] Launch Output:

****** Xilinx hw_server v2019.2
  **** Build date : Nov  6 2019 at 22:12:23
    ** Copyright 1986-2019 Xilinx, Inc. All Rights Reserved.


INFO: [Labtools 27-3415] Connecting to cs_server url TCP:localhost:3042
INFO: [Labtools 27-3417] Launching cs_server...
INFO: [Labtools 27-2221] Launch Output:


****** Xilinx cs_server v2019.2.0
  **** Build date : Nov 07 2019-13:28:22
    ** Copyright 2017-2019 Xilinx, Inc. All Rights Reserved.



connect_hw_server: Time (s): cpu = 00:00:00 ; elapsed = 00:00:08 . Memory (MB): peak = 2984.570 ; gain = 0.000
open_hw_target
INFO: [Labtoolstcl 44-466] Opening hw_target localhost:3121/xilinx_tcf/Xilinx/00000000000000
set_property PROGRAM.FILE {C:/Users/denie/Documents/Tencent Files/308704199/FileRecv/Bor/Bor.runs/impl_1/Top.bit} [get_hw_devices xc7k160t_0]
current_hw_device [get_hw_devices xc7k160t_0]
refresh_hw_device -update_hw_probes false [lindex [get_hw_devices xc7k160t_0] 0]
INFO: [Labtools 27-1434] Device xc7k160t (JTAG device index = 0) is programmed with a design that has no supported debug core(s) in it.
set_property PROBES.FILE {} [get_hw_devices xc7k160t_0]
set_property FULL_PROBES.FILE {} [get_hw_devices xc7k160t_0]
set_property PROGRAM.FILE {C:/Users/denie/Documents/Tencent Files/308704199/FileRecv/Bor/Bor.runs/impl_1/Top.bit} [get_hw_devices xc7k160t_0]
program_hw_devices [get_hw_devices xc7k160t_0]
INFO: [Labtools 27-3164] End of startup status: HIGH
program_hw_devices: Time (s): cpu = 00:00:14 ; elapsed = 00:00:14 . Memory (MB): peak = 2984.570 ; gain = 0.000
refresh_hw_device [lindex [get_hw_devices xc7k160t_0] 0]
INFO: [Labtools 27-1434] Device xc7k160t (JTAG device index = 0) is programmed with a design that has no supported debug core(s) in it.
close_hw_manager
WARNING: [IP_Flow 19-4067] Ignoring invalid widget type specified checkbox.Providing a default widget
WARNING: [IP_Flow 19-4067] Ignoring invalid widget type specified checkbox.Providing a default widget
set_property -dict [list CONFIG.Coe_File {D:/DailyWork/DigitalLogicDesign/FPGA-SuperMario/ipcore_dir/Image.coe}] [get_ips Image]
generate_target all [get_files  {{C:/Users/denie/Documents/Tencent Files/308704199/FileRecv/Bor/Bor.srcs/sources_1/ip/Image/Image.xci}}]
INFO: [IP_Flow 19-1686] Generating 'Instantiation Template' target for IP 'Image'...
INFO: [IP_Flow 19-1686] Generating 'Synthesis' target for IP 'Image'...
INFO: [IP_Flow 19-1686] Generating 'Simulation' target for IP 'Image'...
INFO: [IP_Flow 19-1686] Generating 'Miscellaneous' target for IP 'Image'...
INFO: [IP_Flow 19-1686] Generating 'Change Log' target for IP 'Image'...
generate_target: Time (s): cpu = 00:00:25 ; elapsed = 00:00:32 . Memory (MB): peak = 2984.570 ; gain = 0.000
export_ip_user_files -of_objects [get_files {{C:/Users/denie/Documents/Tencent Files/308704199/FileRecv/Bor/Bor.srcs/sources_1/ip/Image/Image.xci}}] -no_script -sync -force -quiet
export_simulation -of_objects [get_files {{C:/Users/denie/Documents/Tencent Files/308704199/FileRecv/Bor/Bor.srcs/sources_1/ip/Image/Image.xci}}] -directory {C:/Users/denie/Documents/Tencent Files/308704199/FileRecv/Bor/Bor.ip_user_files/sim_scripts} -ip_user_files_dir {C:/Users/denie/Documents/Tencent Files/308704199/FileRecv/Bor/Bor.ip_user_files} -ipstatic_source_dir {C:/Users/denie/Documents/Tencent Files/308704199/FileRecv/Bor/Bor.ip_user_files/ipstatic} -lib_map_path [list {modelsim=C:/Users/denie/Documents/Tencent Files/308704199/FileRecv/Bor/Bor.cache/compile_simlib/modelsim} {questa=C:/Users/denie/Documents/Tencent Files/308704199/FileRecv/Bor/Bor.cache/compile_simlib/questa} {riviera=C:/Users/denie/Documents/Tencent Files/308704199/FileRecv/Bor/Bor.cache/compile_simlib/riviera} {activehdl=C:/Users/denie/Documents/Tencent Files/308704199/FileRecv/Bor/Bor.cache/compile_simlib/activehdl}] -use_ip_compiled_libs -force -quiet
reset_run synth_1
launch_runs impl_1 -to_step write_bitstream -jobs 12
[Tue Jan  7 00:27:27 2020] Launched synth_1...
Run output will be captured here: C:/Users/denie/Documents/Tencent Files/308704199/FileRecv/Bor/Bor.runs/synth_1/runme.log
[Tue Jan  7 00:27:27 2020] Launched impl_1...
Run output will be captured here: C:/Users/denie/Documents/Tencent Files/308704199/FileRecv/Bor/Bor.runs/impl_1/runme.log
open_hw_manager
connect_hw_server -allow_non_jtag
INFO: [Labtools 27-2285] Connecting to hw_server url TCP:localhost:3121
INFO: [Labtools 27-2222] Launching hw_server...
INFO: [Labtools 27-2221] Launch Output:

****** Xilinx hw_server v2019.2
  **** Build date : Nov  6 2019 at 22:12:23
    ** Copyright 1986-2019 Xilinx, Inc. All Rights Reserved.


INFO: [Labtools 27-3415] Connecting to cs_server url TCP:localhost:3042
INFO: [Labtools 27-3417] Launching cs_server...
INFO: [Labtools 27-2221] Launch Output:


****** Xilinx cs_server v2019.2.0
  **** Build date : Nov 07 2019-13:28:22
    ** Copyright 2017-2019 Xilinx, Inc. All Rights Reserved.



connect_hw_server: Time (s): cpu = 00:00:00 ; elapsed = 00:00:08 . Memory (MB): peak = 2984.570 ; gain = 0.000
open_hw_target
INFO: [Labtoolstcl 44-466] Opening hw_target localhost:3121/xilinx_tcf/Xilinx/00000000000000
set_property PROGRAM.FILE {C:/Users/denie/Documents/Tencent Files/308704199/FileRecv/Bor/Bor.runs/impl_1/Top.bit} [get_hw_devices xc7k160t_0]
current_hw_device [get_hw_devices xc7k160t_0]
refresh_hw_device -update_hw_probes false [lindex [get_hw_devices xc7k160t_0] 0]
INFO: [Labtools 27-1434] Device xc7k160t (JTAG device index = 0) is programmed with a design that has no supported debug core(s) in it.
set_property PROBES.FILE {} [get_hw_devices xc7k160t_0]
set_property FULL_PROBES.FILE {} [get_hw_devices xc7k160t_0]
set_property PROGRAM.FILE {C:/Users/denie/Documents/Tencent Files/308704199/FileRecv/Bor/Bor.runs/impl_1/Top.bit} [get_hw_devices xc7k160t_0]
program_hw_devices [get_hw_devices xc7k160t_0]
INFO: [Labtools 27-3164] End of startup status: HIGH
program_hw_devices: Time (s): cpu = 00:00:15 ; elapsed = 00:00:14 . Memory (MB): peak = 2984.570 ; gain = 0.000
refresh_hw_device [lindex [get_hw_devices xc7k160t_0] 0]
INFO: [Labtools 27-1434] Device xc7k160t (JTAG device index = 0) is programmed with a design that has no supported debug core(s) in it.
reset_run synth_1
launch_runs impl_1 -to_step write_bitstream -jobs 12
[Tue Jan  7 01:39:10 2020] Launched synth_1...
Run output will be captured here: C:/Users/denie/Documents/Tencent Files/308704199/FileRecv/Bor/Bor.runs/synth_1/runme.log
[Tue Jan  7 01:39:10 2020] Launched impl_1...
Run output will be captured here: C:/Users/denie/Documents/Tencent Files/308704199/FileRecv/Bor/Bor.runs/impl_1/runme.log
launch_runs: Time (s): cpu = 00:00:00 ; elapsed = 00:00:05 . Memory (MB): peak = 2984.570 ; gain = 0.000
close_hw_manager
reset_run impl_1
WARNING: [Vivado 12-1017] Problems encountered:
1. Process appears to be on host 'BOREALIN-AERO15' and cannot be killed from host 'Borealin-Aero15x'

reset_run synth_1
launch_runs impl_1 -to_step write_bitstream -jobs 12
[Tue Jan  7 01:43:10 2020] Launched synth_1...
Run output will be captured here: C:/Users/denie/Documents/Tencent Files/308704199/FileRecv/Bor/Bor.runs/synth_1/runme.log
[Tue Jan  7 01:43:10 2020] Launched impl_1...
Run output will be captured here: C:/Users/denie/Documents/Tencent Files/308704199/FileRecv/Bor/Bor.runs/impl_1/runme.log
launch_runs: Time (s): cpu = 00:00:00 ; elapsed = 00:00:06 . Memory (MB): peak = 2984.570 ; gain = 0.000
open_hw_manager
connect_hw_server -allow_non_jtag
INFO: [Labtools 27-2285] Connecting to hw_server url TCP:localhost:3121
INFO: [Labtools 27-2222] Launching hw_server...
INFO: [Labtools 27-2221] Launch Output:

****** Xilinx hw_server v2019.2
  **** Build date : Nov  6 2019 at 22:12:23
    ** Copyright 1986-2019 Xilinx, Inc. All Rights Reserved.


INFO: [Labtools 27-3415] Connecting to cs_server url TCP:localhost:3042
INFO: [Labtools 27-3417] Launching cs_server...
INFO: [Labtools 27-2221] Launch Output:


****** Xilinx cs_server v2019.2.0
  **** Build date : Nov 07 2019-13:28:22
    ** Copyright 2017-2019 Xilinx, Inc. All Rights Reserved.



connect_hw_server: Time (s): cpu = 00:00:01 ; elapsed = 00:00:08 . Memory (MB): peak = 2984.570 ; gain = 0.000
open_hw_target
INFO: [Labtoolstcl 44-466] Opening hw_target localhost:3121/xilinx_tcf/Xilinx/00000000000000
set_property PROGRAM.FILE {C:/Users/denie/Documents/Tencent Files/308704199/FileRecv/Bor/Bor.runs/impl_1/Top.bit} [get_hw_devices xc7k160t_0]
current_hw_device [get_hw_devices xc7k160t_0]
refresh_hw_device -update_hw_probes false [lindex [get_hw_devices xc7k160t_0] 0]
INFO: [Labtools 27-1434] Device xc7k160t (JTAG device index = 0) is programmed with a design that has no supported debug core(s) in it.
set_property PROBES.FILE {} [get_hw_devices xc7k160t_0]
set_property FULL_PROBES.FILE {} [get_hw_devices xc7k160t_0]
set_property PROGRAM.FILE {C:/Users/denie/Documents/Tencent Files/308704199/FileRecv/Bor/Bor.runs/impl_1/Top.bit} [get_hw_devices xc7k160t_0]
program_hw_devices [get_hw_devices xc7k160t_0]
INFO: [Labtools 27-3164] End of startup status: HIGH
program_hw_devices: Time (s): cpu = 00:00:14 ; elapsed = 00:00:14 . Memory (MB): peak = 2984.570 ; gain = 0.000
refresh_hw_device [lindex [get_hw_devices xc7k160t_0] 0]
INFO: [Labtools 27-1434] Device xc7k160t (JTAG device index = 0) is programmed with a design that has no supported debug core(s) in it.
WARNING: [Common 17-9] Error reading message records.
WARNING: [Common 17-9] Error reading message records.
WARNING: [Common 17-9] Error reading message records.
WARNING: [Common 17-9] Error reading message records.
WARNING: [Common 17-9] Error reading message records.
WARNING: [Common 17-9] Error reading message records.
WARNING: [Common 17-9] Error reading message records.
WARNING: [Common 17-9] Error reading message records.
WARNING: [Common 17-9] Error reading message records.
WARNING: [Common 17-9] Error reading message records.
WARNING: [Common 17-9] Error reading message records.
WARNING: [Common 17-9] Error reading message records.
WARNING: [Common 17-9] Error reading message records.
WARNING: [Common 17-9] Error reading message records.
WARNING: [Common 17-9] Error reading message records.
WARNING: [Common 17-9] Error reading message records.
WARNING: [Common 17-9] Error reading message records.
WARNING: [Common 17-9] Error reading message records.
WARNING: [Common 17-9] Error reading message records.
WARNING: [Common 17-9] Error reading message records.
WARNING: [Common 17-9] Error reading message records.
WARNING: [Common 17-9] Error reading message records.
WARNING: [Common 17-9] Error reading message records.
WARNING: [Common 17-9] Error reading message records.
WARNING: [Common 17-9] Error reading message records.
WARNING: [Common 17-9] Error reading message records.
WARNING: [Common 17-9] Error reading message records.
WARNING: [Common 17-9] Error reading message records.
WARNING: [Common 17-9] Error reading message records.
WARNING: [Common 17-9] Error reading message records.
WARNING: [Common 17-9] Error reading message records.
WARNING: [Common 17-9] Error reading message records.
close_hw_manager
WARNING: [IP_Flow 19-4067] Ignoring invalid widget type specified checkbox.Providing a default widget
WARNING: [IP_Flow 19-4067] Ignoring invalid widget type specified checkbox.Providing a default widget
INFO: [IP_Flow 19-3484] Absolute path of file 'c:/Users/denie/Documents/Tencent Files/308704199/FileRecv/Bor/bmp/out.coe' provided. It will be converted relative to IP Instance files '../../../../bmp/out.coe'
set_property -dict [list CONFIG.Coe_File {C:/Users/denie/Documents/Tencent Files/308704199/FileRecv/Bor/bmp/out.coe}] [get_ips Image]
INFO: [IP_Flow 19-3484] Absolute path of file 'c:/Users/denie/Documents/Tencent Files/308704199/FileRecv/Bor/bmp/out.coe' provided. It will be converted relative to IP Instance files '../../../../bmp/out.coe'
generate_target all [get_files  {{C:/Users/denie/Documents/Tencent Files/308704199/FileRecv/Bor/Bor.srcs/sources_1/ip/Image/Image.xci}}]
INFO: [IP_Flow 19-1686] Generating 'Instantiation Template' target for IP 'Image'...
INFO: [IP_Flow 19-1686] Generating 'Synthesis' target for IP 'Image'...
INFO: [IP_Flow 19-1686] Generating 'Simulation' target for IP 'Image'...
INFO: [IP_Flow 19-1686] Generating 'Miscellaneous' target for IP 'Image'...
INFO: [IP_Flow 19-1686] Generating 'Change Log' target for IP 'Image'...
generate_target: Time (s): cpu = 00:00:34 ; elapsed = 00:00:40 . Memory (MB): peak = 2984.570 ; gain = 0.000
export_ip_user_files -of_objects [get_files {{C:/Users/denie/Documents/Tencent Files/308704199/FileRecv/Bor/Bor.srcs/sources_1/ip/Image/Image.xci}}] -no_script -sync -force -quiet
export_simulation -of_objects [get_files {{C:/Users/denie/Documents/Tencent Files/308704199/FileRecv/Bor/Bor.srcs/sources_1/ip/Image/Image.xci}}] -directory {C:/Users/denie/Documents/Tencent Files/308704199/FileRecv/Bor/Bor.ip_user_files/sim_scripts} -ip_user_files_dir {C:/Users/denie/Documents/Tencent Files/308704199/FileRecv/Bor/Bor.ip_user_files} -ipstatic_source_dir {C:/Users/denie/Documents/Tencent Files/308704199/FileRecv/Bor/Bor.ip_user_files/ipstatic} -lib_map_path [list {modelsim=C:/Users/denie/Documents/Tencent Files/308704199/FileRecv/Bor/Bor.cache/compile_simlib/modelsim} {questa=C:/Users/denie/Documents/Tencent Files/308704199/FileRecv/Bor/Bor.cache/compile_simlib/questa} {riviera=C:/Users/denie/Documents/Tencent Files/308704199/FileRecv/Bor/Bor.cache/compile_simlib/riviera} {activehdl=C:/Users/denie/Documents/Tencent Files/308704199/FileRecv/Bor/Bor.cache/compile_simlib/activehdl}] -use_ip_compiled_libs -force -quiet
update_compile_order -fileset sources_1
reset_run synth_1
launch_runs impl_1 -to_step write_bitstream -jobs 12
[Tue Jan  7 04:50:40 2020] Launched synth_1...
Run output will be captured here: C:/Users/denie/Documents/Tencent Files/308704199/FileRecv/Bor/Bor.runs/synth_1/runme.log
[Tue Jan  7 04:50:41 2020] Launched impl_1...
Run output will be captured here: C:/Users/denie/Documents/Tencent Files/308704199/FileRecv/Bor/Bor.runs/impl_1/runme.log
launch_runs: Time (s): cpu = 00:00:00 ; elapsed = 00:00:06 . Memory (MB): peak = 2984.570 ; gain = 0.000
open_hw_manager
connect_hw_server -allow_non_jtag
INFO: [Labtools 27-2285] Connecting to hw_server url TCP:localhost:3121
INFO: [Labtools 27-2222] Launching hw_server...
INFO: [Labtools 27-2221] Launch Output:

****** Xilinx hw_server v2019.2
  **** Build date : Nov  6 2019 at 22:12:23
    ** Copyright 1986-2019 Xilinx, Inc. All Rights Reserved.


INFO: [Labtools 27-3415] Connecting to cs_server url TCP:localhost:3042
INFO: [Labtools 27-3417] Launching cs_server...
INFO: [Labtools 27-2221] Launch Output:


****** Xilinx cs_server v2019.2.0
  **** Build date : Nov 07 2019-13:28:22
    ** Copyright 2017-2019 Xilinx, Inc. All Rights Reserved.



connect_hw_server: Time (s): cpu = 00:00:00 ; elapsed = 00:00:07 . Memory (MB): peak = 2984.570 ; gain = 0.000
open_hw_target
INFO: [Labtoolstcl 44-466] Opening hw_target localhost:3121/xilinx_tcf/Xilinx/00000000000000
set_property PROGRAM.FILE {C:/Users/denie/Documents/Tencent Files/308704199/FileRecv/Bor/Bor.runs/impl_1/Top.bit} [get_hw_devices xc7k160t_0]
current_hw_device [get_hw_devices xc7k160t_0]
refresh_hw_device -update_hw_probes false [lindex [get_hw_devices xc7k160t_0] 0]
INFO: [Labtools 27-1434] Device xc7k160t (JTAG device index = 0) is programmed with a design that has no supported debug core(s) in it.
set_property PROBES.FILE {} [get_hw_devices xc7k160t_0]
set_property FULL_PROBES.FILE {} [get_hw_devices xc7k160t_0]
set_property PROGRAM.FILE {C:/Users/denie/Documents/Tencent Files/308704199/FileRecv/Bor/Bor.runs/impl_1/Top.bit} [get_hw_devices xc7k160t_0]
program_hw_devices [get_hw_devices xc7k160t_0]
INFO: [Labtools 27-3164] End of startup status: HIGH
program_hw_devices: Time (s): cpu = 00:00:15 ; elapsed = 00:00:14 . Memory (MB): peak = 2984.570 ; gain = 0.000
refresh_hw_device [lindex [get_hw_devices xc7k160t_0] 0]
INFO: [Labtools 27-1434] Device xc7k160t (JTAG device index = 0) is programmed with a design that has no supported debug core(s) in it.
reset_run synth_1
launch_runs impl_1 -to_step write_bitstream -jobs 12
[Tue Jan  7 04:59:02 2020] Launched synth_1...
Run output will be captured here: C:/Users/denie/Documents/Tencent Files/308704199/FileRecv/Bor/Bor.runs/synth_1/runme.log
[Tue Jan  7 04:59:03 2020] Launched impl_1...
Run output will be captured here: C:/Users/denie/Documents/Tencent Files/308704199/FileRecv/Bor/Bor.runs/impl_1/runme.log
launch_runs: Time (s): cpu = 00:00:01 ; elapsed = 00:00:15 . Memory (MB): peak = 2984.570 ; gain = 0.000
update_compile_order -fileset sources_1
close_hw_manager
reset_run synth_1
launch_runs impl_1 -to_step write_bitstream -jobs 12
[Tue Jan  7 05:54:31 2020] Launched synth_1...
Run output will be captured here: C:/Users/denie/Documents/Tencent Files/308704199/FileRecv/Bor/Bor.runs/synth_1/runme.log
[Tue Jan  7 05:54:31 2020] Launched impl_1...
Run output will be captured here: C:/Users/denie/Documents/Tencent Files/308704199/FileRecv/Bor/Bor.runs/impl_1/runme.log
launch_runs: Time (s): cpu = 00:00:01 ; elapsed = 00:00:10 . Memory (MB): peak = 2990.082 ; gain = 0.000
reset_run synth_1
launch_runs impl_1 -to_step write_bitstream -jobs 12
[Tue Jan  7 05:57:39 2020] Launched synth_1...
Run output will be captured here: C:/Users/denie/Documents/Tencent Files/308704199/FileRecv/Bor/Bor.runs/synth_1/runme.log
[Tue Jan  7 05:57:39 2020] Launched impl_1...
Run output will be captured here: C:/Users/denie/Documents/Tencent Files/308704199/FileRecv/Bor/Bor.runs/impl_1/runme.log
launch_runs: Time (s): cpu = 00:00:00 ; elapsed = 00:00:06 . Memory (MB): peak = 2990.082 ; gain = 0.000
reset_run synth_1
WARNING: [Vivado 12-1017] Problems encountered:
1. Process appears to be on host 'BOREALIN-AERO15' and cannot be killed from host 'Borealin-Aero15x'

launch_runs impl_1 -to_step write_bitstream -jobs 12
[Tue Jan  7 06:14:05 2020] Launched synth_1...
Run output will be captured here: C:/Users/denie/Documents/Tencent Files/308704199/FileRecv/Bor/Bor.runs/synth_1/runme.log
[Tue Jan  7 06:14:05 2020] Launched impl_1...
Run output will be captured here: C:/Users/denie/Documents/Tencent Files/308704199/FileRecv/Bor/Bor.runs/impl_1/runme.log
launch_runs: Time (s): cpu = 00:00:01 ; elapsed = 00:00:11 . Memory (MB): peak = 2990.082 ; gain = 0.000
reset_run synth_1
WARNING: [Vivado 12-1017] Problems encountered:
1. PID not specified

launch_runs impl_1 -to_step write_bitstream -jobs 12
[Tue Jan  7 06:18:18 2020] Launched synth_1...
Run output will be captured here: C:/Users/denie/Documents/Tencent Files/308704199/FileRecv/Bor/Bor.runs/synth_1/runme.log
[Tue Jan  7 06:18:19 2020] Launched impl_1...
Run output will be captured here: C:/Users/denie/Documents/Tencent Files/308704199/FileRecv/Bor/Bor.runs/impl_1/runme.log
reset_run synth_1
WARNING: [Vivado 12-1017] Problems encountered:
1. PID not specified

launch_runs synth_1 -jobs 12
[Tue Jan  7 06:22:05 2020] Launched synth_1...
Run output will be captured here: C:/Users/denie/Documents/Tencent Files/308704199/FileRecv/Bor/Bor.runs/synth_1/runme.log
launch_runs: Time (s): cpu = 00:00:01 ; elapsed = 00:00:10 . Memory (MB): peak = 2990.082 ; gain = 0.000
reset_run synth_1
WARNING: [Vivado 12-1017] Problems encountered:
1. PID not specified

